[debug] [2021-06-02T10:22:09.451Z] ----------------------------------------------------------------------
[debug] [2021-06-02T10:22:09.453Z] Command:       C:\Program Files\nodejs\node.exe C:\Users\minhh\AppData\Roaming\npm\node_modules\firebase-tools\lib\bin\firebase.js init
[debug] [2021-06-02T10:22:09.454Z] CLI Version:   9.10.2
[debug] [2021-06-02T10:22:09.454Z] Platform:      win32
[debug] [2021-06-02T10:22:09.454Z] Node Version:  v14.15.1
[debug] [2021-06-02T10:22:09.458Z] Time:          Wed Jun 02 2021 17:22:09 GMT+0700 (Indochina Time)
[debug] [2021-06-02T10:22:09.458Z] ----------------------------------------------------------------------
[debug] 
[debug] [2021-06-02T10:22:09.461Z] >>> [apiv2][query] GET https://firebase-public.firebaseio.com/cli.json [none]
[debug] [2021-06-02T10:22:09.483Z] > command requires scopes: ["email","openid","https://www.googleapis.com/auth/cloudplatformprojects.readonly","https://www.googleapis.com/auth/firebase","https://www.googleapis.com/auth/cloud-platform"]
[debug] [2021-06-02T10:22:09.483Z] > authorizing via signed-in user (minh.hii306@gmail.com)
[info] 
     ######## #### ########  ######## ########     ###     ######  ########
     ##        ##  ##     ## ##       ##     ##  ##   ##  ##       ##
     ######    ##  ########  ######   ########  #########  ######  ######
     ##        ##  ##    ##  ##       ##     ## ##     ##       ## ##
     ##       #### ##     ## ######## ########  ##     ##  ######  ########

You're about to initialize a Firebase project in this directory:

  D:\covid-19-tracker

[debug] [2021-06-02T10:22:10.303Z] <<< [apiv2][status] GET https://firebase-public.firebaseio.com/cli.json 200
[debug] [2021-06-02T10:22:10.303Z] <<< [apiv2][body] GET https://firebase-public.firebaseio.com/cli.json {"cloudBuildErrorAfter":1594252800000,"cloudBuildWarnAfter":1590019200000,"defaultNode10After":1594252800000,"minVersion":"3.0.5","node8DeploysDisabledAfter":1613390400000,"node8RuntimeDisabledAfter":1615809600000,"node8WarnAfter":1600128000000}
